# JRE version: OpenJDK Runtime Environment (21.0.6) (build 21.0.6+-13368085-b895.109)
# Java VM: OpenJDK 64-Bit Server VM (21.0.6+-13368085-b895.109, mixed mode, tiered, compressed oops, compressed class ptrs, g1 gc, windows-amd64)
GC Precious Log:
 CardTable entry size: 512
 Card Set container configuration: InlinePtr #cards 5 size 8 Array Of Cards #cards 12 size 40 Howl #buckets 4 coarsen threshold 1843 Howl Bitmap #cards 512 size 80 coarsen threshold 460 Card regions per heap region 1 cards per card region 2048
 CPUs: 12 total, 12 available
 Memory: 7381M
 Large Page Support: Disabled
 NUMA Support: Disabled
 Compressed Oops: Enabled (32-bit)
 Heap Region Size: 1M
 Heap Min Capacity: 256M
 Heap Initial Capacity: 256M
 Heap Max Capacity: 512M
 Pre-touch: Disabled
 Parallel Workers: 10
 Concurrent Workers: 3
 Concurrent Refinement Workers: 10
 Periodic GC: Disabled
Heap:
 garbage-first heap   total 262144K, used 123028K [0x00000000e0000000, 0x0000000100000000)
  region size 1024K, 82 young (83968K), 17 survivors (17408K)
 Metaspace       used 72218K, committed 74048K, reserved 393216K
  class space    used 9672K, committed 10624K, reserved 327680K
GC Heap History (20 events):
Event: 1.981 GC heap before
{Heap before GC invocations=1 (full 0):
 garbage-first heap   total 262144K, used 40029K [0x00000000e0000000, 0x0000000100000000)
  region size 1024K, 36 young (36864K), 3 survivors (3072K)
 Metaspace       used 12160K, committed 12352K, reserved 393216K
  class space    used 1279K, committed 1344K, reserved 327680K
}
Event: 1.988 GC heap after
{Heap after GC invocations=2 (full 0):
 garbage-first heap   total 262144K, used 11253K [0x00000000e0000000, 0x0000000100000000)
  region size 1024K, 5 young (5120K), 5 survivors (5120K)
 Metaspace       used 12160K, committed 12352K, reserved 393216K
  class space    used 1279K, committed 1344K, reserved 327680K
}
Event: 3.029 GC heap before
{Heap before GC invocations=2 (full 0):
 garbage-first heap   total 262144K, used 59381K [0x00000000e0000000, 0x0000000100000000)
  region size 1024K, 50 young (51200K), 5 survivors (5120K)
 Metaspace       used 14082K, committed 14336K, reserved 393216K
  class space    used 1542K, committed 1664K, reserved 327680K
}
Event: 3.037 GC heap after
{Heap after GC invocations=3 (full 0):
 garbage-first heap   total 262144K, used 17674K [0x00000000e0000000, 0x0000000100000000)
  region size 1024K, 6 young (6144K), 6 survivors (6144K)
 Metaspace       used 14082K, committed 14336K, reserved 393216K
  class space    used 1542K, committed 1664K, reserved 327680K
}
Event: 4.062 GC heap before
{Heap before GC invocations=3 (full 0):
 garbage-first heap   total 262144K, used 42250K [0x00000000e0000000, 0x0000000100000000)
  region size 1024K, 31 young (31744K), 6 survivors (6144K)
 Metaspace       used 21192K, committed 21504K, reserved 393216K
  class space    used 2445K, committed 2624K, reserved 327680K
}
Event: 4.067 GC heap after
{Heap after GC invocations=4 (full 0):
 garbage-first heap   total 262144K, used 20232K [0x00000000e0000000, 0x0000000100000000)
  region size 1024K, 9 young (9216K), 9 survivors (9216K)
 Metaspace       used 21192K, committed 21504K, reserved 393216K
  class space    used 2445K, committed 2624K, reserved 327680K
}
Event: 8.443 GC heap before
{Heap before GC invocations=5 (full 0):
 garbage-first heap   total 262144K, used 114440K [0x00000000e0000000, 0x0000000100000000)
  region size 1024K, 103 young (105472K), 9 survivors (9216K)
 Metaspace       used 35274K, committed 36096K, reserved 393216K
  class space    used 4720K, committed 5120K, reserved 327680K
}
Event: 8.457 GC heap after
{Heap after GC invocations=6 (full 0):
 garbage-first heap   total 262144K, used 25818K [0x00000000e0000000, 0x0000000100000000)
  region size 1024K, 14 young (14336K), 14 survivors (14336K)
 Metaspace       used 35274K, committed 36096K, reserved 393216K
  class space    used 4720K, committed 5120K, reserved 327680K
}
Event: 8.513 GC heap before
{Heap before GC invocations=6 (full 0):
 garbage-first heap   total 262144K, used 28890K [0x00000000e0000000, 0x0000000100000000)
  region size 1024K, 18 young (18432K), 14 survivors (14336K)
 Metaspace       used 35590K, committed 36416K, reserved 393216K
  class space    used 4765K, committed 5184K, reserved 327680K
}
Event: 8.521 GC heap after
{Heap after GC invocations=7 (full 0):
 garbage-first heap   total 262144K, used 26484K [0x00000000e0000000, 0x0000000100000000)
  region size 1024K, 9 young (9216K), 9 survivors (9216K)
 Metaspace       used 35590K, committed 36416K, reserved 393216K
  class space    used 4765K, committed 5184K, reserved 327680K
}
Event: 8.565 GC heap before
{Heap before GC invocations=7 (full 0):
 garbage-first heap   total 262144K, used 28532K [0x00000000e0000000, 0x0000000100000000)
  region size 1024K, 12 young (12288K), 9 survivors (9216K)
 Metaspace       used 35901K, committed 36736K, reserved 393216K
  class space    used 4809K, committed 5184K, reserved 327680K
}
Event: 8.571 GC heap after
{Heap after GC invocations=8 (full 0):
 garbage-first heap   total 262144K, used 25990K [0x00000000e0000000, 0x0000000100000000)
  region size 1024K, 9 young (9216K), 9 survivors (9216K)
 Metaspace       used 35901K, committed 36736K, reserved 393216K
  class space    used 4809K, committed 5184K, reserved 327680K
}
Event: 11.937 GC heap before
{Heap before GC invocations=9 (full 0):
 garbage-first heap   total 262144K, used 179590K [0x00000000e0000000, 0x0000000100000000)
  region size 1024K, 153 young (156672K), 9 survivors (9216K)
 Metaspace       used 54866K, committed 56320K, reserved 393216K
  class space    used 7273K, committed 8000K, reserved 327680K
}
Event: 11.955 GC heap after
{Heap after GC invocations=10 (full 0):
 garbage-first heap   total 262144K, used 37549K [0x00000000e0000000, 0x0000000100000000)
  region size 1024K, 20 young (20480K), 20 survivors (20480K)
 Metaspace       used 54866K, committed 56320K, reserved 393216K
  class space    used 7273K, committed 8000K, reserved 327680K
}
Event: 13.579 GC heap before
{Heap before GC invocations=10 (full 0):
 garbage-first heap   total 262144K, used 85677K [0x00000000e0000000, 0x0000000100000000)
  region size 1024K, 68 young (69632K), 20 survivors (20480K)
 Metaspace       used 59861K, committed 61440K, reserved 393216K
  class space    used 8048K, committed 8832K, reserved 327680K
}
Event: 13.599 GC heap after
{Heap after GC invocations=11 (full 0):
 garbage-first heap   total 262144K, used 41014K [0x00000000e0000000, 0x0000000100000000)
  region size 1024K, 5 young (5120K), 5 survivors (5120K)
 Metaspace       used 59861K, committed 61440K, reserved 393216K
  class space    used 8048K, committed 8832K, reserved 327680K
}
Event: 13.751 GC heap before
{Heap before GC invocations=11 (full 0):
 garbage-first heap   total 262144K, used 46134K [0x00000000e0000000, 0x0000000100000000)
  region size 1024K, 11 young (11264K), 5 survivors (5120K)
 Metaspace       used 60183K, committed 61760K, reserved 393216K
  class space    used 8092K, committed 8832K, reserved 327680K
}
Event: 13.755 GC heap after
{Heap after GC invocations=12 (full 0):
 garbage-first heap   total 262144K, used 39946K [0x00000000e0000000, 0x0000000100000000)
  region size 1024K, 4 young (4096K), 4 survivors (4096K)
 Metaspace       used 60183K, committed 61760K, reserved 393216K
  class space    used 8092K, committed 8832K, reserved 327680K
}
Event: 16.003 GC heap before
{Heap before GC invocations=13 (full 0):
 garbage-first heap   total 262144K, used 197642K [0x00000000e0000000, 0x0000000100000000)
  region size 1024K, 153 young (156672K), 4 survivors (4096K)
 Metaspace       used 64649K, committed 66304K, reserved 393216K
  class space    used 8681K, committed 9536K, reserved 327680K
}
Event: 16.014 GC heap after
{Heap after GC invocations=14 (full 0):
 garbage-first heap   total 262144K, used 58516K [0x00000000e0000000, 0x0000000100000000)
  region size 1024K, 17 young (17408K), 17 survivors (17408K)
 Metaspace       used 64649K, committed 66304K, reserved 393216K
  class space    used 8681K, committed 9536K, reserved 327680K
}

